  test.cpp
test2.obj : error LNK2005: _main 已经在 test.obj 中定义
C:\Users\hp\Desktop\代码\c++\myc__\test_5_31\Debug\test_5_31.exe : fatal error LNK1169: 找到一个或多个多重定义的符号
